d:\training\c++\camera_calibration(mfc)\calibration\debug\calibration.pch
d:\training\c++\camera_calibration(mfc)\calibration\debug\vc142.pdb
d:\training\c++\camera_calibration(mfc)\calibration\debug\vc142.idb
d:\training\c++\camera_calibration(mfc)\calibration\debug\pch.obj
d:\training\c++\camera_calibration(mfc)\calibration\debug\calibrationdlg.obj
d:\training\c++\camera_calibration(mfc)\calibration\debug\calibration.obj
d:\training\c++\camera_calibration(mfc)\calibration\debug\boardsetting.obj
d:\training\c++\camera_calibration(mfc)\calibration\debug\calibration.exe
d:\training\c++\camera_calibration(mfc)\calibration\debug\calibration.ilk
d:\training\c++\camera_calibration(mfc)\calibration\debug\calibration.pdb
d:\training\c++\camera_calibration(mfc)\calibration\debug\calibration.res
d:\training\c++\camera_calibration(mfc)\calibration\debug\calibration.tlog\cl.command.1.tlog
d:\training\c++\camera_calibration(mfc)\calibration\debug\calibration.tlog\cl.read.1.tlog
d:\training\c++\camera_calibration(mfc)\calibration\debug\calibration.tlog\cl.write.1.tlog
d:\training\c++\camera_calibration(mfc)\calibration\debug\calibration.tlog\link.command.1.tlog
d:\training\c++\camera_calibration(mfc)\calibration\debug\calibration.tlog\link.read.1.tlog
d:\training\c++\camera_calibration(mfc)\calibration\debug\calibration.tlog\link.write.1.tlog
d:\training\c++\camera_calibration(mfc)\calibration\debug\calibration.tlog\rc.command.1.tlog
d:\training\c++\camera_calibration(mfc)\calibration\debug\calibration.tlog\rc.read.1.tlog
d:\training\c++\camera_calibration(mfc)\calibration\debug\calibration.tlog\rc.write.1.tlog
